[debug] [2024-11-20T08:04:08.538Z] ----------------------------------------------------------------------
[debug] [2024-11-20T08:04:08.542Z] Command:       C:\Program Files\nodejs\node.exe C:\Users\icham\AppData\Roaming\npm\node_modules\firebase-tools\lib\bin\firebase.js deploy --only functions
[debug] [2024-11-20T08:04:08.542Z] CLI Version:   13.24.2
[debug] [2024-11-20T08:04:08.542Z] Platform:      win32
[debug] [2024-11-20T08:04:08.542Z] Node Version:  v20.17.0
[debug] [2024-11-20T08:04:08.542Z] Time:          Wed Nov 20 2024 09:04:08 GMT+0100 (heure normale d’Europe centrale)
[debug] [2024-11-20T08:04:08.543Z] ----------------------------------------------------------------------
[debug] 
[debug] [2024-11-20T08:04:08.623Z] > command requires scopes: ["email","openid","https://www.googleapis.com/auth/cloudplatformprojects.readonly","https://www.googleapis.com/auth/firebase","https://www.googleapis.com/auth/cloud-platform"]
[debug] [2024-11-20T08:04:08.624Z] > authorizing via signed-in user (icham.duret14@gmail.com)
[debug] [2024-11-20T08:04:08.624Z] [iam] checking project labyrinth-b3test for permissions ["cloudfunctions.functions.create","cloudfunctions.functions.delete","cloudfunctions.functions.get","cloudfunctions.functions.list","cloudfunctions.functions.update","cloudfunctions.operations.get","firebase.projects.get"]
[debug] [2024-11-20T08:04:08.625Z] Checked if tokens are valid: false, expires at: 1732089840205
[debug] [2024-11-20T08:04:08.626Z] Checked if tokens are valid: false, expires at: 1732089840205
[debug] [2024-11-20T08:04:08.626Z] > refreshing access token with scopes: []
[debug] [2024-11-20T08:04:08.628Z] >>> [apiv2][query] POST https://www.googleapis.com/oauth2/v3/token [none]
[debug] [2024-11-20T08:04:08.628Z] >>> [apiv2][body] POST https://www.googleapis.com/oauth2/v3/token [omitted]
[debug] [2024-11-20T08:04:08.907Z] <<< [apiv2][status] POST https://www.googleapis.com/oauth2/v3/token 200
[debug] [2024-11-20T08:04:08.908Z] <<< [apiv2][body] POST https://www.googleapis.com/oauth2/v3/token [omitted]
[debug] [2024-11-20T08:04:08.917Z] >>> [apiv2][query] POST https://cloudresourcemanager.googleapis.com/v1/projects/labyrinth-b3test:testIamPermissions [none]
[debug] [2024-11-20T08:04:08.917Z] >>> [apiv2][(partial)header] POST https://cloudresourcemanager.googleapis.com/v1/projects/labyrinth-b3test:testIamPermissions x-goog-quota-user=projects/labyrinth-b3test
[debug] [2024-11-20T08:04:08.917Z] >>> [apiv2][body] POST https://cloudresourcemanager.googleapis.com/v1/projects/labyrinth-b3test:testIamPermissions {"permissions":["cloudfunctions.functions.create","cloudfunctions.functions.delete","cloudfunctions.functions.get","cloudfunctions.functions.list","cloudfunctions.functions.update","cloudfunctions.operations.get","firebase.projects.get"]}
[debug] [2024-11-20T08:04:09.986Z] <<< [apiv2][status] POST https://cloudresourcemanager.googleapis.com/v1/projects/labyrinth-b3test:testIamPermissions 200
[debug] [2024-11-20T08:04:09.986Z] <<< [apiv2][body] POST https://cloudresourcemanager.googleapis.com/v1/projects/labyrinth-b3test:testIamPermissions {"permissions":["cloudfunctions.functions.create","cloudfunctions.functions.delete","cloudfunctions.functions.get","cloudfunctions.functions.list","cloudfunctions.functions.update","cloudfunctions.operations.get","firebase.projects.get"]}
[debug] [2024-11-20T08:04:09.986Z] Checked if tokens are valid: true, expires at: 1732093447908
[debug] [2024-11-20T08:04:09.986Z] Checked if tokens are valid: true, expires at: 1732093447908
[debug] [2024-11-20T08:04:09.987Z] >>> [apiv2][query] POST https://iam.googleapis.com/v1/projects/labyrinth-b3test/serviceAccounts/labyrinth-b3test@appspot.gserviceaccount.com:testIamPermissions [none]
[debug] [2024-11-20T08:04:09.987Z] >>> [apiv2][body] POST https://iam.googleapis.com/v1/projects/labyrinth-b3test/serviceAccounts/labyrinth-b3test@appspot.gserviceaccount.com:testIamPermissions {"permissions":["iam.serviceAccounts.actAs"]}
[debug] [2024-11-20T08:04:10.780Z] <<< [apiv2][status] POST https://iam.googleapis.com/v1/projects/labyrinth-b3test/serviceAccounts/labyrinth-b3test@appspot.gserviceaccount.com:testIamPermissions 200
[debug] [2024-11-20T08:04:10.780Z] <<< [apiv2][body] POST https://iam.googleapis.com/v1/projects/labyrinth-b3test/serviceAccounts/labyrinth-b3test@appspot.gserviceaccount.com:testIamPermissions {"permissions":["iam.serviceAccounts.actAs"]}
[info] 
[info] === Deploying to 'labyrinth-b3test'...
[info] 
[info] i  deploying functions 
[debug] [2024-11-20T08:04:10.786Z] Checked if tokens are valid: true, expires at: 1732093447908
[debug] [2024-11-20T08:04:10.786Z] Checked if tokens are valid: true, expires at: 1732093447908
[debug] [2024-11-20T08:04:10.787Z] >>> [apiv2][query] GET https://firebase.googleapis.com/v1beta1/projects/labyrinth-b3test [none]
[debug] [2024-11-20T08:04:11.412Z] <<< [apiv2][status] GET https://firebase.googleapis.com/v1beta1/projects/labyrinth-b3test 200
[debug] [2024-11-20T08:04:11.412Z] <<< [apiv2][body] GET https://firebase.googleapis.com/v1beta1/projects/labyrinth-b3test {"projectId":"labyrinth-b3test","projectNumber":"614434535258","displayName":"Labyrinth","name":"projects/labyrinth-b3test","resources":{"hostingSite":"labyrinth-b3test","realtimeDatabaseInstance":"labyrinth-b3test-default-rtdb"},"state":"ACTIVE","etag":"1_9afd0a93-c9fa-435a-87e3-566dcfbf85e7"}
[info] i  functions: preparing codebase default for deployment 
[info] i  functions: ensuring required API cloudfunctions.googleapis.com is enabled... 
[debug] [2024-11-20T08:04:11.415Z] Checked if tokens are valid: true, expires at: 1732093447908
[debug] [2024-11-20T08:04:11.415Z] Checked if tokens are valid: true, expires at: 1732093447908
[debug] [2024-11-20T08:04:11.415Z] Checked if tokens are valid: true, expires at: 1732093447908
[debug] [2024-11-20T08:04:11.415Z] Checked if tokens are valid: true, expires at: 1732093447908
[info] i  functions: ensuring required API cloudbuild.googleapis.com is enabled... 
[debug] [2024-11-20T08:04:11.416Z] Checked if tokens are valid: true, expires at: 1732093447908
[debug] [2024-11-20T08:04:11.416Z] Checked if tokens are valid: true, expires at: 1732093447908
[info] i  artifactregistry: ensuring required API artifactregistry.googleapis.com is enabled... 
[debug] [2024-11-20T08:04:11.416Z] Checked if tokens are valid: true, expires at: 1732093447908
[debug] [2024-11-20T08:04:11.416Z] Checked if tokens are valid: true, expires at: 1732093447908
[debug] [2024-11-20T08:04:11.417Z] >>> [apiv2][query] GET https://serviceusage.googleapis.com/v1/projects/labyrinth-b3test/services/cloudfunctions.googleapis.com [none]
[debug] [2024-11-20T08:04:11.417Z] >>> [apiv2][(partial)header] GET https://serviceusage.googleapis.com/v1/projects/labyrinth-b3test/services/cloudfunctions.googleapis.com x-goog-quota-user=projects/labyrinth-b3test
[debug] [2024-11-20T08:04:11.418Z] >>> [apiv2][query] GET https://serviceusage.googleapis.com/v1/projects/labyrinth-b3test/services/runtimeconfig.googleapis.com [none]
[debug] [2024-11-20T08:04:11.419Z] >>> [apiv2][(partial)header] GET https://serviceusage.googleapis.com/v1/projects/labyrinth-b3test/services/runtimeconfig.googleapis.com x-goog-quota-user=projects/labyrinth-b3test
[debug] [2024-11-20T08:04:11.420Z] >>> [apiv2][query] GET https://serviceusage.googleapis.com/v1/projects/labyrinth-b3test/services/cloudbuild.googleapis.com [none]
[debug] [2024-11-20T08:04:11.420Z] >>> [apiv2][(partial)header] GET https://serviceusage.googleapis.com/v1/projects/labyrinth-b3test/services/cloudbuild.googleapis.com x-goog-quota-user=projects/labyrinth-b3test
[debug] [2024-11-20T08:04:11.422Z] >>> [apiv2][query] GET https://serviceusage.googleapis.com/v1/projects/labyrinth-b3test/services/artifactregistry.googleapis.com [none]
[debug] [2024-11-20T08:04:11.422Z] >>> [apiv2][(partial)header] GET https://serviceusage.googleapis.com/v1/projects/labyrinth-b3test/services/artifactregistry.googleapis.com x-goog-quota-user=projects/labyrinth-b3test
[debug] [2024-11-20T08:04:12.394Z] <<< [apiv2][status] GET https://serviceusage.googleapis.com/v1/projects/labyrinth-b3test/services/runtimeconfig.googleapis.com 200
[debug] [2024-11-20T08:04:12.394Z] <<< [apiv2][body] GET https://serviceusage.googleapis.com/v1/projects/labyrinth-b3test/services/runtimeconfig.googleapis.com [omitted]
[debug] [2024-11-20T08:04:12.396Z] <<< [apiv2][status] GET https://serviceusage.googleapis.com/v1/projects/labyrinth-b3test/services/cloudbuild.googleapis.com 200
[debug] [2024-11-20T08:04:12.396Z] <<< [apiv2][body] GET https://serviceusage.googleapis.com/v1/projects/labyrinth-b3test/services/cloudbuild.googleapis.com [omitted]
[info] +  functions: required API cloudbuild.googleapis.com is enabled 
[debug] [2024-11-20T08:04:12.398Z] <<< [apiv2][status] GET https://serviceusage.googleapis.com/v1/projects/labyrinth-b3test/services/artifactregistry.googleapis.com 200
[debug] [2024-11-20T08:04:12.398Z] <<< [apiv2][body] GET https://serviceusage.googleapis.com/v1/projects/labyrinth-b3test/services/artifactregistry.googleapis.com [omitted]
[info] +  artifactregistry: required API artifactregistry.googleapis.com is enabled 
[debug] [2024-11-20T08:04:12.439Z] <<< [apiv2][status] GET https://serviceusage.googleapis.com/v1/projects/labyrinth-b3test/services/cloudfunctions.googleapis.com 200
[debug] [2024-11-20T08:04:12.439Z] <<< [apiv2][body] GET https://serviceusage.googleapis.com/v1/projects/labyrinth-b3test/services/cloudfunctions.googleapis.com [omitted]
[info] +  functions: required API cloudfunctions.googleapis.com is enabled 
[debug] [2024-11-20T08:04:12.441Z] Checked if tokens are valid: true, expires at: 1732093447908
[debug] [2024-11-20T08:04:12.441Z] Checked if tokens are valid: true, expires at: 1732093447908
[debug] [2024-11-20T08:04:12.442Z] >>> [apiv2][query] GET https://firebase.googleapis.com/v1beta1/projects/labyrinth-b3test/adminSdkConfig [none]
[debug] [2024-11-20T08:04:12.801Z] <<< [apiv2][status] GET https://firebase.googleapis.com/v1beta1/projects/labyrinth-b3test/adminSdkConfig 200
[debug] [2024-11-20T08:04:12.801Z] <<< [apiv2][body] GET https://firebase.googleapis.com/v1beta1/projects/labyrinth-b3test/adminSdkConfig {"projectId":"labyrinth-b3test","databaseURL":"https://labyrinth-b3test-default-rtdb.europe-west1.firebasedatabase.app","storageBucket":"labyrinth-b3test.firebasestorage.app"}
[debug] [2024-11-20T08:04:12.802Z] Checked if tokens are valid: true, expires at: 1732093447908
[debug] [2024-11-20T08:04:12.802Z] Checked if tokens are valid: true, expires at: 1732093447908
[debug] [2024-11-20T08:04:12.802Z] >>> [apiv2][query] GET https://runtimeconfig.googleapis.com/v1beta1/projects/labyrinth-b3test/configs [none]
[debug] [2024-11-20T08:04:13.410Z] <<< [apiv2][status] GET https://runtimeconfig.googleapis.com/v1beta1/projects/labyrinth-b3test/configs 200
[debug] [2024-11-20T08:04:13.410Z] <<< [apiv2][body] GET https://runtimeconfig.googleapis.com/v1beta1/projects/labyrinth-b3test/configs {}
[debug] [2024-11-20T08:04:13.412Z] Validating nodejs source
